<?xml version="1.0" encoding="UTF-8"?>
<coverage generated="1606144388060" clover="3.2.0">
  <project timestamp="1606144388061" name="All files">
    <metrics statements="69" coveredstatements="58" conditionals="28" coveredconditionals="22" methods="30" coveredmethods="23" elements="127" coveredelements="103" complexity="0" loc="69" ncloc="69" packages="8" files="9" classes="9"/>
    <package name="components.Footer">
      <metrics statements="2" coveredstatements="2" conditionals="0" coveredconditionals="0" methods="1" coveredmethods="1"/>
      <file name="index.tsx" path="/Users/g.vladimir/work/test_task_react_typescript/src/components/Footer/index.tsx">
        <metrics statements="2" coveredstatements="2" conditionals="0" coveredconditionals="0" methods="1" coveredmethods="1"/>
        <line num="4" count="1" type="stmt"/>
        <line num="5" count="1" type="stmt"/>
      </file>
    </package>
    <package name="components.Header">
      <metrics statements="3" coveredstatements="3" conditionals="0" coveredconditionals="0" methods="2" coveredmethods="2"/>
      <file name="index.tsx" path="/Users/g.vladimir/work/test_task_react_typescript/src/components/Header/index.tsx">
        <metrics statements="3" coveredstatements="3" conditionals="0" coveredconditionals="0" methods="2" coveredmethods="2"/>
        <line num="6" count="1" type="stmt"/>
        <line num="7" count="4" type="stmt"/>
        <line num="8" count="2" type="stmt"/>
      </file>
    </package>
    <package name="components.NavigateMenu">
      <metrics statements="2" coveredstatements="2" conditionals="0" coveredconditionals="0" methods="1" coveredmethods="1"/>
      <file name="index.tsx" path="/Users/g.vladimir/work/test_task_react_typescript/src/components/NavigateMenu/index.tsx">
        <metrics statements="2" coveredstatements="2" conditionals="0" coveredconditionals="0" methods="1" coveredmethods="1"/>
        <line num="7" count="1" type="stmt"/>
        <line num="8" count="1" type="stmt"/>
      </file>
    </package>
    <package name="components.PromocodeCard">
      <metrics statements="11" coveredstatements="7" conditionals="10" coveredconditionals="8" methods="5" coveredmethods="3"/>
      <file name="index.tsx" path="/Users/g.vladimir/work/test_task_react_typescript/src/components/PromocodeCard/index.tsx">
        <metrics statements="11" coveredstatements="7" conditionals="10" coveredconditionals="8" methods="5" coveredmethods="3"/>
        <line num="8" count="2" type="stmt"/>
        <line num="11" count="144" type="stmt"/>
        <line num="12" count="144" type="stmt"/>
        <line num="13" count="0" type="cond" truecount="0" falsecount="2"/>
        <line num="14" count="0" type="stmt"/>
        <line num="15" count="0" type="stmt"/>
        <line num="18" count="144" type="stmt"/>
        <line num="19" count="144" type="stmt"/>
        <line num="20" count="144" type="stmt"/>
        <line num="45" count="0" type="stmt"/>
        <line num="46" count="1" type="stmt"/>
      </file>
    </package>
    <package name="components.Services">
      <metrics statements="14" coveredstatements="13" conditionals="2" coveredconditionals="2" methods="9" coveredmethods="8"/>
      <file name="index.tsx" path="/Users/g.vladimir/work/test_task_react_typescript/src/components/Services/index.tsx">
        <metrics statements="14" coveredstatements="13" conditionals="2" coveredconditionals="2" methods="9" coveredmethods="8"/>
        <line num="8" count="1" type="stmt"/>
        <line num="9" count="11" type="stmt"/>
        <line num="10" count="39" type="stmt"/>
        <line num="11" count="39" type="stmt"/>
        <line num="12" count="11" type="stmt"/>
        <line num="13" count="11" type="stmt"/>
        <line num="14" count="11" type="stmt"/>
        <line num="15" count="4" type="stmt"/>
        <line num="16" count="4" type="stmt"/>
        <line num="19" count="11" type="stmt"/>
        <line num="28" count="3" type="stmt"/>
        <line num="36" count="0" type="stmt"/>
        <line num="37" count="1" type="stmt"/>
        <line num="47" count="142" type="stmt"/>
      </file>
    </package>
    <package name="helpers">
      <metrics statements="1" coveredstatements="1" conditionals="0" coveredconditionals="0" methods="0" coveredmethods="0"/>
      <file name="mockData.ts" path="/Users/g.vladimir/work/test_task_react_typescript/src/helpers/mockData.ts">
        <metrics statements="1" coveredstatements="1" conditionals="0" coveredconditionals="0" methods="0" coveredmethods="0"/>
        <line num="3" count="2" type="stmt"/>
      </file>
    </package>
    <package name="redux">
      <metrics statements="13" coveredstatements="13" conditionals="5" coveredconditionals="5" methods="1" coveredmethods="1"/>
      <file name="actionTypes.ts" path="/Users/g.vladimir/work/test_task_react_typescript/src/redux/actionTypes.ts">
        <metrics statements="5" coveredstatements="5" conditionals="0" coveredconditionals="0" methods="0" coveredmethods="0"/>
        <line num="1" count="3" type="stmt"/>
        <line num="2" count="3" type="stmt"/>
        <line num="3" count="3" type="stmt"/>
        <line num="4" count="3" type="stmt"/>
        <line num="5" count="3" type="stmt"/>
      </file>
      <file name="reducers.ts" path="/Users/g.vladimir/work/test_task_react_typescript/src/redux/reducers.ts">
        <metrics statements="8" coveredstatements="8" conditionals="5" coveredconditionals="5" methods="1" coveredmethods="1"/>
        <line num="8" count="2" type="stmt"/>
        <line num="25" count="2" type="cond" truecount="1" falsecount="0"/>
        <line num="27" count="59" type="stmt"/>
        <line num="28" count="59" type="cond" truecount="4" falsecount="0"/>
        <line num="30" count="22" type="stmt"/>
        <line num="37" count="6" type="stmt"/>
        <line num="44" count="18" type="stmt"/>
        <line num="50" count="13" type="stmt"/>
      </file>
    </package>
    <package name="sagas">
      <metrics statements="23" coveredstatements="17" conditionals="11" coveredconditionals="7" methods="11" coveredmethods="7"/>
      <file name="index.ts" path="/Users/g.vladimir/work/test_task_react_typescript/src/sagas/index.ts">
        <metrics statements="23" coveredstatements="17" conditionals="11" coveredconditionals="7" methods="11" coveredmethods="7"/>
        <line num="13" count="1" type="stmt"/>
        <line num="14" count="4" type="stmt"/>
        <line num="17" count="0" type="cond" truecount="0" falsecount="2"/>
        <line num="18" count="0" type="stmt"/>
        <line num="20" count="0" type="stmt"/>
        <line num="26" count="4" type="cond" truecount="1" falsecount="1"/>
        <line num="27" count="0" type="stmt"/>
        <line num="29" count="4" type="stmt"/>
        <line num="31" count="4" type="stmt"/>
        <line num="32" count="80" type="cond" truecount="2" falsecount="0"/>
        <line num="33" count="4" type="stmt"/>
        <line num="35" count="76" type="stmt"/>
        <line num="37" count="4" type="stmt"/>
        <line num="43" count="9" type="stmt"/>
        <line num="54" count="9" type="stmt"/>
        <line num="58" count="9" type="cond" truecount="1" falsecount="1"/>
        <line num="59" count="0" type="stmt"/>
        <line num="61" count="180" type="cond" truecount="3" falsecount="0"/>
        <line num="64" count="9" type="stmt"/>
        <line num="68" count="9" type="stmt"/>
        <line num="74" count="4" type="stmt"/>
        <line num="77" count="4" type="stmt"/>
        <line num="81" count="0" type="stmt"/>
      </file>
    </package>
  </project>
</coverage>
