{"/Users/g.vladimir/work/test_task_react_typescript/src/components/Footer/index.tsx": {"path":"/Users/g.vladimir/work/test_task_react_typescript/src/components/Footer/index.tsx","statementMap":{"0":{"start":{"line":4,"column":25},"end":{"line":9,"column":1}},"1":{"start":{"line":5,"column":2},"end":{"line":8,"column":8}}},"fnMap":{"0":{"name":"(anonymous_0)","decl":{"start":{"line":4,"column":25},"end":{"line":4,"column":26}},"loc":{"start":{"line":5,"column":2},"end":{"line":8,"column":8}},"line":5}},"branchMap":{},"s":{"0":1,"1":1},"f":{"0":1},"b":{},"_coverageSchema":"1a1c01bbd47fc00a2c39e90264f33305004495a9","hash":"a87e75edb845b8f86bd3ecc2c0e96fb5e3bea55e"}
,"/Users/g.vladimir/work/test_task_react_typescript/src/components/Header/index.tsx": {"path":"/Users/g.vladimir/work/test_task_react_typescript/src/components/Header/index.tsx","statementMap":{"0":{"start":{"line":6,"column":25},"end":{"line":20,"column":1}},"1":{"start":{"line":7,"column":17},"end":{"line":7,"column":69}},"2":{"start":{"line":7,"column":56},"end":{"line":7,"column":68}},"3":{"start":{"line":8,"column":2},"end":{"line":19,"column":4}}},"fnMap":{"0":{"name":"(anonymous_0)","decl":{"start":{"line":6,"column":25},"end":{"line":6,"column":26}},"loc":{"start":{"line":6,"column":31},"end":{"line":20,"column":1}},"line":6},"1":{"name":"(anonymous_1)","decl":{"start":{"line":7,"column":29},"end":{"line":7,"column":30}},"loc":{"start":{"line":7,"column":56},"end":{"line":7,"column":68}},"line":7}},"branchMap":{},"s":{"0":1,"1":2,"2":4,"3":2},"f":{"0":2,"1":4},"b":{},"_coverageSchema":"1a1c01bbd47fc00a2c39e90264f33305004495a9","hash":"b3e39bdab45bf5df9c04a135bcd3db577ea31f86"}
,"/Users/g.vladimir/work/test_task_react_typescript/src/components/NavigateMenu/index.tsx": {"path":"/Users/g.vladimir/work/test_task_react_typescript/src/components/NavigateMenu/index.tsx","statementMap":{"0":{"start":{"line":7,"column":31},"end":{"line":21,"column":1}},"1":{"start":{"line":8,"column":2},"end":{"line":20,"column":8}}},"fnMap":{"0":{"name":"(anonymous_0)","decl":{"start":{"line":7,"column":31},"end":{"line":7,"column":32}},"loc":{"start":{"line":8,"column":2},"end":{"line":20,"column":8}},"line":8}},"branchMap":{},"s":{"0":1,"1":1},"f":{"0":1},"b":{},"_coverageSchema":"1a1c01bbd47fc00a2c39e90264f33305004495a9","hash":"29858f5e1a8d4b43df9145e9f8f3e2f463947509"}
,"/Users/g.vladimir/work/test_task_react_typescript/src/components/PromocodeCard/index.tsx": {"path":"/Users/g.vladimir/work/test_task_react_typescript/src/components/PromocodeCard/index.tsx","statementMap":{"0":{"start":{"line":8,"column":39},"end":{"line":54,"column":1}},"1":{"start":{"line":11,"column":18},"end":{"line":11,"column":48}},"2":{"start":{"line":12,"column":20},"end":{"line":17,"column":3}},"3":{"start":{"line":13,"column":4},"end":{"line":16,"column":5}},"4":{"start":{"line":14,"column":6},"end":{"line":14,"column":31}},"5":{"start":{"line":15,"column":6},"end":{"line":15,"column":35}},"6":{"start":{"line":18,"column":19},"end":{"line":18,"column":32}},"7":{"start":{"line":19,"column":17},"end":{"line":19,"column":56}},"8":{"start":{"line":19,"column":34},"end":{"line":19,"column":56}},"9":{"start":{"line":20,"column":2},"end":{"line":53,"column":4}},"10":{"start":{"line":45,"column":30},"end":{"line":45,"column":57}},"11":{"start":{"line":46,"column":27},"end":{"line":46,"column":54}}},"fnMap":{"0":{"name":"(anonymous_0)","decl":{"start":{"line":8,"column":39},"end":{"line":8,"column":40}},"loc":{"start":{"line":10,"column":6},"end":{"line":54,"column":1}},"line":10},"1":{"name":"(anonymous_1)","decl":{"start":{"line":12,"column":20},"end":{"line":12,"column":21}},"loc":{"start":{"line":12,"column":32},"end":{"line":17,"column":3}},"line":12},"2":{"name":"(anonymous_2)","decl":{"start":{"line":19,"column":17},"end":{"line":19,"column":18}},"loc":{"start":{"line":19,"column":34},"end":{"line":19,"column":56}},"line":19},"3":{"name":"(anonymous_3)","decl":{"start":{"line":45,"column":24},"end":{"line":45,"column":25}},"loc":{"start":{"line":45,"column":30},"end":{"line":45,"column":57}},"line":45},"4":{"name":"(anonymous_4)","decl":{"start":{"line":46,"column":21},"end":{"line":46,"column":22}},"loc":{"start":{"line":46,"column":27},"end":{"line":46,"column":54}},"line":46}},"branchMap":{"0":{"loc":{"start":{"line":13,"column":4},"end":{"line":16,"column":5}},"type":"if","locations":[{"start":{"line":13,"column":4},"end":{"line":16,"column":5}},{"start":{"line":13,"column":4},"end":{"line":16,"column":5}}],"line":13},"1":{"loc":{"start":{"line":23,"column":87},"end":{"line":23,"column":103}},"type":"binary-expr","locations":[{"start":{"line":23,"column":87},"end":{"line":23,"column":92}},{"start":{"line":23,"column":96},"end":{"line":23,"column":103}}],"line":23},"2":{"loc":{"start":{"line":24,"column":99},"end":{"line":24,"column":127}},"type":"binary-expr","locations":[{"start":{"line":24,"column":99},"end":{"line":24,"column":110}},{"start":{"line":24,"column":114},"end":{"line":24,"column":127}}],"line":24},"3":{"loc":{"start":{"line":34,"column":9},"end":{"line":38,"column":9}},"type":"binary-expr","locations":[{"start":{"line":34,"column":9},"end":{"line":34,"column":15}},{"start":{"line":35,"column":10},"end":{"line":37,"column":16}}],"line":34},"4":{"loc":{"start":{"line":39,"column":9},"end":{"line":50,"column":9}},"type":"binary-expr","locations":[{"start":{"line":39,"column":9},"end":{"line":39,"column":16}},{"start":{"line":40,"column":10},"end":{"line":49,"column":16}}],"line":39}},"s":{"0":2,"1":144,"2":144,"3":0,"4":0,"5":0,"6":144,"7":144,"8":1,"9":144,"10":0,"11":1},"f":{"0":144,"1":0,"2":1,"3":0,"4":1},"b":{"0":[0,0],"1":[144,2],"2":[144,2],"3":[144,1],"4":[144,143]},"_coverageSchema":"1a1c01bbd47fc00a2c39e90264f33305004495a9","hash":"c4a306ba358caaf5240e2668ccf491494ef5d466"}
,"/Users/g.vladimir/work/test_task_react_typescript/src/components/Services/index.tsx": {"path":"/Users/g.vladimir/work/test_task_react_typescript/src/components/Services/index.tsx","statementMap":{"0":{"start":{"line":8,"column":27},"end":{"line":60,"column":1}},"1":{"start":{"line":9,"column":30},"end":{"line":9,"column":42}},"2":{"start":{"line":10,"column":18},"end":{"line":10,"column":71}},"3":{"start":{"line":10,"column":57},"end":{"line":10,"column":70}},"4":{"start":{"line":11,"column":27},"end":{"line":11,"column":89}},"5":{"start":{"line":11,"column":66},"end":{"line":11,"column":88}},"6":{"start":{"line":12,"column":19},"end":{"line":12,"column":32}},"7":{"start":{"line":13,"column":17},"end":{"line":13,"column":79}},"8":{"start":{"line":13,"column":35},"end":{"line":13,"column":79}},"9":{"start":{"line":14,"column":24},"end":{"line":17,"column":3}},"10":{"start":{"line":15,"column":4},"end":{"line":15,"column":18}},"11":{"start":{"line":16,"column":4},"end":{"line":16,"column":21}},"12":{"start":{"line":19,"column":2},"end":{"line":59,"column":4}},"13":{"start":{"line":28,"column":29},"end":{"line":28,"column":58}},"14":{"start":{"line":36,"column":30},"end":{"line":36,"column":47}},"15":{"start":{"line":37,"column":27},"end":{"line":37,"column":44}},"16":{"start":{"line":47,"column":10},"end":{"line":55,"column":12}}},"fnMap":{"0":{"name":"(anonymous_0)","decl":{"start":{"line":8,"column":27},"end":{"line":8,"column":28}},"loc":{"start":{"line":8,"column":33},"end":{"line":60,"column":1}},"line":8},"1":{"name":"(anonymous_1)","decl":{"start":{"line":10,"column":30},"end":{"line":10,"column":31}},"loc":{"start":{"line":10,"column":57},"end":{"line":10,"column":70}},"line":10},"2":{"name":"(anonymous_2)","decl":{"start":{"line":11,"column":39},"end":{"line":11,"column":40}},"loc":{"start":{"line":11,"column":66},"end":{"line":11,"column":88}},"line":11},"3":{"name":"(anonymous_3)","decl":{"start":{"line":13,"column":17},"end":{"line":13,"column":18}},"loc":{"start":{"line":13,"column":35},"end":{"line":13,"column":79}},"line":13},"4":{"name":"(anonymous_4)","decl":{"start":{"line":14,"column":24},"end":{"line":14,"column":25}},"loc":{"start":{"line":14,"column":47},"end":{"line":17,"column":3}},"line":14},"5":{"name":"(anonymous_5)","decl":{"start":{"line":28,"column":22},"end":{"line":28,"column":23}},"loc":{"start":{"line":28,"column":29},"end":{"line":28,"column":58}},"line":28},"6":{"name":"(anonymous_6)","decl":{"start":{"line":36,"column":24},"end":{"line":36,"column":25}},"loc":{"start":{"line":36,"column":30},"end":{"line":36,"column":47}},"line":36},"7":{"name":"(anonymous_7)","decl":{"start":{"line":37,"column":21},"end":{"line":37,"column":22}},"loc":{"start":{"line":37,"column":27},"end":{"line":37,"column":44}},"line":37},"8":{"name":"(anonymous_8)","decl":{"start":{"line":46,"column":21},"end":{"line":46,"column":22}},"loc":{"start":{"line":47,"column":10},"end":{"line":55,"column":12}},"line":47}},"branchMap":{"0":{"loc":{"start":{"line":45,"column":9},"end":{"line":45,"column":83}},"type":"binary-expr","locations":[{"start":{"line":45,"column":9},"end":{"line":45,"column":25}},{"start":{"line":45,"column":29},"end":{"line":45,"column":83}}],"line":45}},"s":{"0":1,"1":11,"2":11,"3":39,"4":11,"5":39,"6":11,"7":11,"8":4,"9":11,"10":4,"11":4,"12":11,"13":3,"14":0,"15":1,"16":142},"f":{"0":11,"1":39,"2":39,"3":4,"4":4,"5":3,"6":0,"7":1,"8":142},"b":{"0":[11,1]},"_coverageSchema":"1a1c01bbd47fc00a2c39e90264f33305004495a9","hash":"f3cda9d20e4a70cd91cea7f63539e4b86f03e47e"}
,"/Users/g.vladimir/work/test_task_react_typescript/src/helpers/mockData.ts": {"path":"/Users/g.vladimir/work/test_task_react_typescript/src/helpers/mockData.ts","statementMap":{"0":{"start":{"line":3,"column":34},"end":{"line":170,"column":1}}},"fnMap":{},"branchMap":{},"s":{"0":2},"f":{},"b":{},"_coverageSchema":"1a1c01bbd47fc00a2c39e90264f33305004495a9","hash":"248ebb58d0a6feecdebdc4307b159cc7f8c8a862"}
,"/Users/g.vladimir/work/test_task_react_typescript/src/redux/actionTypes.ts": {"path":"/Users/g.vladimir/work/test_task_react_typescript/src/redux/actionTypes.ts","statementMap":{"0":{"start":{"line":1,"column":25},"end":{"line":1,"column":36}},"1":{"start":{"line":2,"column":31},"end":{"line":2,"column":48}},"2":{"start":{"line":3,"column":28},"end":{"line":3,"column":42}},"3":{"start":{"line":4,"column":35},"end":{"line":4,"column":56}},"4":{"start":{"line":5,"column":33},"end":{"line":5,"column":52}}},"fnMap":{},"branchMap":{},"s":{"0":3,"1":3,"2":3,"3":3,"4":3},"f":{},"b":{},"_coverageSchema":"1a1c01bbd47fc00a2c39e90264f33305004495a9","hash":"ebc586171612924b95600513e8a4a7e0c26fb92e"}
,"/Users/g.vladimir/work/test_task_react_typescript/src/redux/reducers.ts": {"path":"/Users/g.vladimir/work/test_task_react_typescript/src/redux/reducers.ts","statementMap":{"0":{"start":{"line":8,"column":29},"end":{"line":23,"column":1}},"1":{"start":{"line":25,"column":20},"end":{"line":52,"column":1}},"2":{"start":{"line":27,"column":22},"end":{"line":27,"column":28}},"3":{"start":{"line":28,"column":2},"end":{"line":51,"column":3}},"4":{"start":{"line":30,"column":6},"end":{"line":34,"column":8}},"5":{"start":{"line":37,"column":6},"end":{"line":41,"column":8}},"6":{"start":{"line":44,"column":6},"end":{"line":47,"column":8}},"7":{"start":{"line":50,"column":6},"end":{"line":50,"column":19}}},"fnMap":{"0":{"name":"(anonymous_0)","decl":{"start":{"line":25,"column":20},"end":{"line":25,"column":21}},"loc":{"start":{"line":26,"column":11},"end":{"line":52,"column":1}},"line":26}},"branchMap":{"0":{"loc":{"start":{"line":25,"column":21},"end":{"line":25,"column":41}},"type":"default-arg","locations":[{"start":{"line":25,"column":29},"end":{"line":25,"column":41}}],"line":25},"1":{"loc":{"start":{"line":28,"column":2},"end":{"line":51,"column":3}},"type":"switch","locations":[{"start":{"line":29,"column":4},"end":{"line":35,"column":5}},{"start":{"line":36,"column":4},"end":{"line":42,"column":5}},{"start":{"line":43,"column":4},"end":{"line":48,"column":5}},{"start":{"line":49,"column":4},"end":{"line":50,"column":19}}],"line":28}},"s":{"0":2,"1":2,"2":59,"3":59,"4":22,"5":6,"6":18,"7":13},"f":{"0":59},"b":{"0":[8],"1":[22,6,18,13]},"_coverageSchema":"1a1c01bbd47fc00a2c39e90264f33305004495a9","hash":"b9af2f614d807fa0ca1a98d3362bcd4f9df05b7a"}
,"/Users/g.vladimir/work/test_task_react_typescript/src/sagas/index.ts": {"path":"/Users/g.vladimir/work/test_task_react_typescript/src/sagas/index.ts","statementMap":{"0":{"start":{"line":13,"column":14},"end":{"line":13,"column":70}},"1":{"start":{"line":13,"column":29},"end":{"line":13,"column":70}},"2":{"start":{"line":13,"column":50},"end":{"line":13,"column":69}},"3":{"start":{"line":14,"column":26},"end":{"line":14,"column":65}},"4":{"start":{"line":14,"column":52},"end":{"line":14,"column":65}},"5":{"start":{"line":17,"column":2},"end":{"line":19,"column":3}},"6":{"start":{"line":18,"column":4},"end":{"line":18,"column":21}},"7":{"start":{"line":20,"column":2},"end":{"line":23,"column":5}},"8":{"start":{"line":26,"column":2},"end":{"line":28,"column":3}},"9":{"start":{"line":27,"column":4},"end":{"line":27,"column":21}},"10":{"start":{"line":29,"column":15},"end":{"line":29,"column":39}},"11":{"start":{"line":31,"column":18},"end":{"line":36,"column":4}},"12":{"start":{"line":32,"column":4},"end":{"line":34,"column":5}},"13":{"start":{"line":33,"column":6},"end":{"line":33,"column":39}},"14":{"start":{"line":35,"column":4},"end":{"line":35,"column":16}},"15":{"start":{"line":37,"column":2},"end":{"line":40,"column":5}},"16":{"start":{"line":43,"column":2},"end":{"line":53,"column":5}},"17":{"start":{"line":54,"column":2},"end":{"line":57,"column":5}},"18":{"start":{"line":58,"column":2},"end":{"line":60,"column":3}},"19":{"start":{"line":59,"column":4},"end":{"line":59,"column":21}},"20":{"start":{"line":61,"column":18},"end":{"line":63,"column":45}},"21":{"start":{"line":61,"column":58},"end":{"line":63,"column":44}},"22":{"start":{"line":64,"column":2},"end":{"line":67,"column":5}},"23":{"start":{"line":68,"column":2},"end":{"line":71,"column":5}},"24":{"start":{"line":74,"column":2},"end":{"line":74,"column":54}},"25":{"start":{"line":77,"column":2},"end":{"line":77,"column":51}},"26":{"start":{"line":81,"column":2},"end":{"line":85,"column":5}}},"fnMap":{"0":{"name":"(anonymous_0)","decl":{"start":{"line":13,"column":14},"end":{"line":13,"column":15}},"loc":{"start":{"line":13,"column":29},"end":{"line":13,"column":70}},"line":13},"1":{"name":"(anonymous_1)","decl":{"start":{"line":13,"column":41},"end":{"line":13,"column":42}},"loc":{"start":{"line":13,"column":50},"end":{"line":13,"column":69}},"line":13},"2":{"name":"(anonymous_2)","decl":{"start":{"line":14,"column":26},"end":{"line":14,"column":27}},"loc":{"start":{"line":14,"column":52},"end":{"line":14,"column":65}},"line":14},"3":{"name":"downloadData","decl":{"start":{"line":16,"column":10},"end":{"line":16,"column":22}},"loc":{"start":{"line":16,"column":25},"end":{"line":24,"column":1}},"line":16},"4":{"name":"activateBonus","decl":{"start":{"line":25,"column":10},"end":{"line":25,"column":23}},"loc":{"start":{"line":25,"column":47},"end":{"line":41,"column":1}},"line":25},"5":{"name":"(anonymous_5)","decl":{"start":{"line":31,"column":27},"end":{"line":31,"column":28}},"loc":{"start":{"line":31,"column":43},"end":{"line":36,"column":3}},"line":31},"6":{"name":"filterBonus","decl":{"start":{"line":42,"column":10},"end":{"line":42,"column":21}},"loc":{"start":{"line":42,"column":43},"end":{"line":72,"column":1}},"line":42},"7":{"name":"(anonymous_7)","decl":{"start":{"line":61,"column":42},"end":{"line":61,"column":43}},"loc":{"start":{"line":61,"column":58},"end":{"line":63,"column":44}},"line":61},"8":{"name":"watchActivateBonus","decl":{"start":{"line":73,"column":17},"end":{"line":73,"column":35}},"loc":{"start":{"line":73,"column":38},"end":{"line":75,"column":1}},"line":73},"9":{"name":"watchFilterBonus","decl":{"start":{"line":76,"column":17},"end":{"line":76,"column":33}},"loc":{"start":{"line":76,"column":36},"end":{"line":78,"column":1}},"line":76},"10":{"name":"rootSaga","decl":{"start":{"line":80,"column":25},"end":{"line":80,"column":33}},"loc":{"start":{"line":80,"column":36},"end":{"line":86,"column":1}},"line":80}},"branchMap":{"0":{"loc":{"start":{"line":17,"column":2},"end":{"line":19,"column":3}},"type":"if","locations":[{"start":{"line":17,"column":2},"end":{"line":19,"column":3}},{"start":{"line":17,"column":2},"end":{"line":19,"column":3}}],"line":17},"1":{"loc":{"start":{"line":26,"column":2},"end":{"line":28,"column":3}},"type":"if","locations":[{"start":{"line":26,"column":2},"end":{"line":28,"column":3}},{"start":{"line":26,"column":2},"end":{"line":28,"column":3}}],"line":26},"2":{"loc":{"start":{"line":32,"column":4},"end":{"line":34,"column":5}},"type":"if","locations":[{"start":{"line":32,"column":4},"end":{"line":34,"column":5}},{"start":{"line":32,"column":4},"end":{"line":34,"column":5}}],"line":32},"3":{"loc":{"start":{"line":58,"column":2},"end":{"line":60,"column":3}},"type":"if","locations":[{"start":{"line":58,"column":2},"end":{"line":60,"column":3}},{"start":{"line":58,"column":2},"end":{"line":60,"column":3}}],"line":58},"4":{"loc":{"start":{"line":61,"column":58},"end":{"line":63,"column":44}},"type":"binary-expr","locations":[{"start":{"line":61,"column":59},"end":{"line":61,"column":95}},{"start":{"line":62,"column":8},"end":{"line":62,"column":50}},{"start":{"line":63,"column":8},"end":{"line":63,"column":43}}],"line":61}},"s":{"0":1,"1":0,"2":0,"3":1,"4":4,"5":0,"6":0,"7":0,"8":4,"9":0,"10":4,"11":4,"12":80,"13":4,"14":76,"15":4,"16":9,"17":9,"18":9,"19":0,"20":9,"21":180,"22":9,"23":9,"24":4,"25":4,"26":0},"f":{"0":0,"1":0,"2":4,"3":0,"4":4,"5":80,"6":9,"7":180,"8":4,"9":4,"10":0},"b":{"0":[0,0],"1":[0,4],"2":[4,76],"3":[0,9],"4":[180,118,118]},"_coverageSchema":"1a1c01bbd47fc00a2c39e90264f33305004495a9","hash":"0178836faa7f878f756f0411b4125d58c6c85a94"}
}
