{"/Users/g.vladimir/work/test_task_react_typescript/src/components/Footer/index.tsx": {"path":"/Users/g.vladimir/work/test_task_react_typescript/src/components/Footer/index.tsx","statementMap":{"0":{"start":{"line":4,"column":25},"end":{"line":9,"column":1}},"1":{"start":{"line":5,"column":2},"end":{"line":8,"column":8}}},"fnMap":{"0":{"name":"(anonymous_0)","decl":{"start":{"line":4,"column":25},"end":{"line":4,"column":26}},"loc":{"start":{"line":5,"column":2},"end":{"line":8,"column":8}},"line":5}},"branchMap":{},"s":{"0":1,"1":1},"f":{"0":1},"b":{},"_coverageSchema":"1a1c01bbd47fc00a2c39e90264f33305004495a9","hash":"a87e75edb845b8f86bd3ecc2c0e96fb5e3bea55e"}
,"/Users/g.vladimir/work/test_task_react_typescript/src/components/Header/index.tsx": {"path":"/Users/g.vladimir/work/test_task_react_typescript/src/components/Header/index.tsx","statementMap":{"0":{"start":{"line":6,"column":25},"end":{"line":20,"column":1}},"1":{"start":{"line":7,"column":17},"end":{"line":7,"column":69}},"2":{"start":{"line":7,"column":56},"end":{"line":7,"column":68}},"3":{"start":{"line":8,"column":2},"end":{"line":19,"column":4}}},"fnMap":{"0":{"name":"(anonymous_0)","decl":{"start":{"line":6,"column":25},"end":{"line":6,"column":26}},"loc":{"start":{"line":6,"column":31},"end":{"line":20,"column":1}},"line":6},"1":{"name":"(anonymous_1)","decl":{"start":{"line":7,"column":29},"end":{"line":7,"column":30}},"loc":{"start":{"line":7,"column":56},"end":{"line":7,"column":68}},"line":7}},"branchMap":{},"s":{"0":1,"1":3,"2":6,"3":3},"f":{"0":3,"1":6},"b":{},"_coverageSchema":"1a1c01bbd47fc00a2c39e90264f33305004495a9","hash":"b3e39bdab45bf5df9c04a135bcd3db577ea31f86"}
,"/Users/g.vladimir/work/test_task_react_typescript/src/components/NavigateMenu/index.tsx": {"path":"/Users/g.vladimir/work/test_task_react_typescript/src/components/NavigateMenu/index.tsx","statementMap":{"0":{"start":{"line":7,"column":31},"end":{"line":21,"column":1}},"1":{"start":{"line":8,"column":2},"end":{"line":20,"column":8}}},"fnMap":{"0":{"name":"(anonymous_0)","decl":{"start":{"line":7,"column":31},"end":{"line":7,"column":32}},"loc":{"start":{"line":8,"column":2},"end":{"line":20,"column":8}},"line":8}},"branchMap":{},"s":{"0":1,"1":1},"f":{"0":1},"b":{},"_coverageSchema":"1a1c01bbd47fc00a2c39e90264f33305004495a9","hash":"29858f5e1a8d4b43df9145e9f8f3e2f463947509"}
,"/Users/g.vladimir/work/test_task_react_typescript/src/components/PromocodeCard/index.tsx": {"path":"/Users/g.vladimir/work/test_task_react_typescript/src/components/PromocodeCard/index.tsx","statementMap":{"0":{"start":{"line":8,"column":39},"end":{"line":54,"column":1}},"1":{"start":{"line":11,"column":18},"end":{"line":11,"column":48}},"2":{"start":{"line":12,"column":20},"end":{"line":17,"column":3}},"3":{"start":{"line":13,"column":4},"end":{"line":16,"column":5}},"4":{"start":{"line":14,"column":6},"end":{"line":14,"column":31}},"5":{"start":{"line":15,"column":6},"end":{"line":15,"column":35}},"6":{"start":{"line":18,"column":19},"end":{"line":18,"column":32}},"7":{"start":{"line":19,"column":17},"end":{"line":19,"column":56}},"8":{"start":{"line":19,"column":34},"end":{"line":19,"column":56}},"9":{"start":{"line":20,"column":2},"end":{"line":53,"column":4}},"10":{"start":{"line":45,"column":30},"end":{"line":45,"column":57}},"11":{"start":{"line":46,"column":27},"end":{"line":46,"column":54}}},"fnMap":{"0":{"name":"(anonymous_0)","decl":{"start":{"line":8,"column":39},"end":{"line":8,"column":40}},"loc":{"start":{"line":10,"column":6},"end":{"line":54,"column":1}},"line":10},"1":{"name":"(anonymous_1)","decl":{"start":{"line":12,"column":20},"end":{"line":12,"column":21}},"loc":{"start":{"line":12,"column":32},"end":{"line":17,"column":3}},"line":12},"2":{"name":"(anonymous_2)","decl":{"start":{"line":19,"column":17},"end":{"line":19,"column":18}},"loc":{"start":{"line":19,"column":34},"end":{"line":19,"column":56}},"line":19},"3":{"name":"(anonymous_3)","decl":{"start":{"line":45,"column":24},"end":{"line":45,"column":25}},"loc":{"start":{"line":45,"column":30},"end":{"line":45,"column":57}},"line":45},"4":{"name":"(anonymous_4)","decl":{"start":{"line":46,"column":21},"end":{"line":46,"column":22}},"loc":{"start":{"line":46,"column":27},"end":{"line":46,"column":54}},"line":46}},"branchMap":{"0":{"loc":{"start":{"line":13,"column":4},"end":{"line":16,"column":5}},"type":"if","locations":[{"start":{"line":13,"column":4},"end":{"line":16,"column":5}},{"start":{"line":13,"column":4},"end":{"line":16,"column":5}}],"line":13},"1":{"loc":{"start":{"line":23,"column":57},"end":{"line":23,"column":73}},"type":"binary-expr","locations":[{"start":{"line":23,"column":57},"end":{"line":23,"column":62}},{"start":{"line":23,"column":66},"end":{"line":23,"column":73}}],"line":23},"2":{"loc":{"start":{"line":24,"column":63},"end":{"line":24,"column":91}},"type":"binary-expr","locations":[{"start":{"line":24,"column":63},"end":{"line":24,"column":74}},{"start":{"line":24,"column":78},"end":{"line":24,"column":91}}],"line":24},"3":{"loc":{"start":{"line":34,"column":9},"end":{"line":38,"column":9}},"type":"binary-expr","locations":[{"start":{"line":34,"column":9},"end":{"line":34,"column":15}},{"start":{"line":35,"column":10},"end":{"line":37,"column":16}}],"line":34},"4":{"loc":{"start":{"line":39,"column":9},"end":{"line":50,"column":9}},"type":"binary-expr","locations":[{"start":{"line":39,"column":9},"end":{"line":39,"column":16}},{"start":{"line":40,"column":10},"end":{"line":49,"column":16}}],"line":39}},"s":{"0":2,"1":110,"2":110,"3":0,"4":0,"5":0,"6":110,"7":110,"8":1,"9":110,"10":0,"11":1},"f":{"0":110,"1":0,"2":1,"3":0,"4":1},"b":{"0":[0,0],"1":[110,7],"2":[110,7],"3":[110,1],"4":[110,109]},"_coverageSchema":"1a1c01bbd47fc00a2c39e90264f33305004495a9","hash":"69036e2633b868dbc84b494c7c38e366d9bbbb8a"}
,"/Users/g.vladimir/work/test_task_react_typescript/src/components/Services/index.tsx": {"path":"/Users/g.vladimir/work/test_task_react_typescript/src/components/Services/index.tsx","statementMap":{"0":{"start":{"line":8,"column":27},"end":{"line":60,"column":1}},"1":{"start":{"line":9,"column":30},"end":{"line":9,"column":42}},"2":{"start":{"line":10,"column":18},"end":{"line":10,"column":71}},"3":{"start":{"line":10,"column":57},"end":{"line":10,"column":70}},"4":{"start":{"line":11,"column":27},"end":{"line":11,"column":89}},"5":{"start":{"line":11,"column":66},"end":{"line":11,"column":88}},"6":{"start":{"line":12,"column":19},"end":{"line":12,"column":32}},"7":{"start":{"line":13,"column":17},"end":{"line":13,"column":79}},"8":{"start":{"line":13,"column":35},"end":{"line":13,"column":79}},"9":{"start":{"line":14,"column":24},"end":{"line":17,"column":3}},"10":{"start":{"line":15,"column":4},"end":{"line":15,"column":18}},"11":{"start":{"line":16,"column":4},"end":{"line":16,"column":21}},"12":{"start":{"line":19,"column":2},"end":{"line":59,"column":4}},"13":{"start":{"line":28,"column":29},"end":{"line":28,"column":58}},"14":{"start":{"line":36,"column":30},"end":{"line":36,"column":47}},"15":{"start":{"line":37,"column":27},"end":{"line":37,"column":44}},"16":{"start":{"line":47,"column":10},"end":{"line":55,"column":12}}},"fnMap":{"0":{"name":"(anonymous_0)","decl":{"start":{"line":8,"column":27},"end":{"line":8,"column":28}},"loc":{"start":{"line":8,"column":33},"end":{"line":60,"column":1}},"line":8},"1":{"name":"(anonymous_1)","decl":{"start":{"line":10,"column":30},"end":{"line":10,"column":31}},"loc":{"start":{"line":10,"column":57},"end":{"line":10,"column":70}},"line":10},"2":{"name":"(anonymous_2)","decl":{"start":{"line":11,"column":39},"end":{"line":11,"column":40}},"loc":{"start":{"line":11,"column":66},"end":{"line":11,"column":88}},"line":11},"3":{"name":"(anonymous_3)","decl":{"start":{"line":13,"column":17},"end":{"line":13,"column":18}},"loc":{"start":{"line":13,"column":35},"end":{"line":13,"column":79}},"line":13},"4":{"name":"(anonymous_4)","decl":{"start":{"line":14,"column":24},"end":{"line":14,"column":25}},"loc":{"start":{"line":14,"column":47},"end":{"line":17,"column":3}},"line":14},"5":{"name":"(anonymous_5)","decl":{"start":{"line":28,"column":22},"end":{"line":28,"column":23}},"loc":{"start":{"line":28,"column":29},"end":{"line":28,"column":58}},"line":28},"6":{"name":"(anonymous_6)","decl":{"start":{"line":36,"column":24},"end":{"line":36,"column":25}},"loc":{"start":{"line":36,"column":30},"end":{"line":36,"column":47}},"line":36},"7":{"name":"(anonymous_7)","decl":{"start":{"line":37,"column":21},"end":{"line":37,"column":22}},"loc":{"start":{"line":37,"column":27},"end":{"line":37,"column":44}},"line":37},"8":{"name":"(anonymous_8)","decl":{"start":{"line":46,"column":21},"end":{"line":46,"column":22}},"loc":{"start":{"line":47,"column":10},"end":{"line":55,"column":12}},"line":47}},"branchMap":{"0":{"loc":{"start":{"line":45,"column":9},"end":{"line":45,"column":83}},"type":"binary-expr","locations":[{"start":{"line":45,"column":9},"end":{"line":45,"column":25}},{"start":{"line":45,"column":29},"end":{"line":45,"column":83}}],"line":45}},"s":{"0":1,"1":15,"2":15,"3":42,"4":15,"5":42,"6":15,"7":15,"8":4,"9":15,"10":4,"11":4,"12":15,"13":3,"14":0,"15":1,"16":108},"f":{"0":15,"1":42,"2":42,"3":4,"4":4,"5":3,"6":0,"7":1,"8":108},"b":{"0":[15,6]},"_coverageSchema":"1a1c01bbd47fc00a2c39e90264f33305004495a9","hash":"f3cda9d20e4a70cd91cea7f63539e4b86f03e47e"}
,"/Users/g.vladimir/work/test_task_react_typescript/src/helpers/mockData.ts": {"path":"/Users/g.vladimir/work/test_task_react_typescript/src/helpers/mockData.ts","statementMap":{"0":{"start":{"line":3,"column":34},"end":{"line":170,"column":1}}},"fnMap":{},"branchMap":{},"s":{"0":2},"f":{},"b":{},"_coverageSchema":"1a1c01bbd47fc00a2c39e90264f33305004495a9","hash":"248ebb58d0a6feecdebdc4307b159cc7f8c8a862"}
,"/Users/g.vladimir/work/test_task_react_typescript/src/redux/actionTypes.ts": {"path":"/Users/g.vladimir/work/test_task_react_typescript/src/redux/actionTypes.ts","statementMap":{"0":{"start":{"line":1,"column":25},"end":{"line":1,"column":36}},"1":{"start":{"line":2,"column":31},"end":{"line":2,"column":48}},"2":{"start":{"line":3,"column":28},"end":{"line":3,"column":42}},"3":{"start":{"line":4,"column":35},"end":{"line":4,"column":56}},"4":{"start":{"line":5,"column":33},"end":{"line":5,"column":52}}},"fnMap":{},"branchMap":{},"s":{"0":3,"1":3,"2":3,"3":3,"4":3},"f":{},"b":{},"_coverageSchema":"1a1c01bbd47fc00a2c39e90264f33305004495a9","hash":"ebc586171612924b95600513e8a4a7e0c26fb92e"}
,"/Users/g.vladimir/work/test_task_react_typescript/src/redux/reducers.ts": {"path":"/Users/g.vladimir/work/test_task_react_typescript/src/redux/reducers.ts","statementMap":{"0":{"start":{"line":8,"column":29},"end":{"line":23,"column":1}},"1":{"start":{"line":25,"column":20},"end":{"line":52,"column":1}},"2":{"start":{"line":27,"column":22},"end":{"line":27,"column":28}},"3":{"start":{"line":28,"column":2},"end":{"line":51,"column":3}},"4":{"start":{"line":30,"column":6},"end":{"line":34,"column":8}},"5":{"start":{"line":37,"column":6},"end":{"line":41,"column":8}},"6":{"start":{"line":44,"column":6},"end":{"line":47,"column":8}},"7":{"start":{"line":50,"column":6},"end":{"line":50,"column":19}}},"fnMap":{"0":{"name":"(anonymous_0)","decl":{"start":{"line":25,"column":20},"end":{"line":25,"column":21}},"loc":{"start":{"line":26,"column":11},"end":{"line":52,"column":1}},"line":26}},"branchMap":{"0":{"loc":{"start":{"line":25,"column":21},"end":{"line":25,"column":41}},"type":"default-arg","locations":[{"start":{"line":25,"column":29},"end":{"line":25,"column":41}}],"line":25},"1":{"loc":{"start":{"line":28,"column":2},"end":{"line":51,"column":3}},"type":"switch","locations":[{"start":{"line":29,"column":4},"end":{"line":35,"column":5}},{"start":{"line":36,"column":4},"end":{"line":42,"column":5}},{"start":{"line":43,"column":4},"end":{"line":48,"column":5}},{"start":{"line":49,"column":4},"end":{"line":50,"column":19}}],"line":28}},"s":{"0":3,"1":3,"2":26,"3":26,"4":8,"5":2,"6":7,"7":9},"f":{"0":26},"b":{"0":[4],"1":[8,2,7,9]},"_coverageSchema":"1a1c01bbd47fc00a2c39e90264f33305004495a9","hash":"b9af2f614d807fa0ca1a98d3362bcd4f9df05b7a"}
,"/Users/g.vladimir/work/test_task_react_typescript/src/sagas/index.ts": {"path":"/Users/g.vladimir/work/test_task_react_typescript/src/sagas/index.ts","statementMap":{"0":{"start":{"line":13,"column":14},"end":{"line":13,"column":70}},"1":{"start":{"line":13,"column":29},"end":{"line":13,"column":70}},"2":{"start":{"line":13,"column":50},"end":{"line":13,"column":69}},"3":{"start":{"line":14,"column":26},"end":{"line":14,"column":65}},"4":{"start":{"line":14,"column":52},"end":{"line":14,"column":65}},"5":{"start":{"line":17,"column":2},"end":{"line":17,"column":19}},"6":{"start":{"line":18,"column":2},"end":{"line":21,"column":5}},"7":{"start":{"line":24,"column":2},"end":{"line":24,"column":19}},"8":{"start":{"line":25,"column":15},"end":{"line":25,"column":39}},"9":{"start":{"line":27,"column":18},"end":{"line":32,"column":4}},"10":{"start":{"line":28,"column":4},"end":{"line":30,"column":5}},"11":{"start":{"line":29,"column":6},"end":{"line":29,"column":39}},"12":{"start":{"line":31,"column":4},"end":{"line":31,"column":16}},"13":{"start":{"line":33,"column":2},"end":{"line":36,"column":5}},"14":{"start":{"line":39,"column":2},"end":{"line":49,"column":5}},"15":{"start":{"line":50,"column":2},"end":{"line":53,"column":5}},"16":{"start":{"line":55,"column":2},"end":{"line":55,"column":19}},"17":{"start":{"line":56,"column":18},"end":{"line":58,"column":45}},"18":{"start":{"line":56,"column":58},"end":{"line":58,"column":44}},"19":{"start":{"line":59,"column":2},"end":{"line":62,"column":5}},"20":{"start":{"line":63,"column":2},"end":{"line":66,"column":5}},"21":{"start":{"line":69,"column":2},"end":{"line":69,"column":54}},"22":{"start":{"line":72,"column":2},"end":{"line":72,"column":51}},"23":{"start":{"line":76,"column":2},"end":{"line":80,"column":5}}},"fnMap":{"0":{"name":"(anonymous_0)","decl":{"start":{"line":13,"column":14},"end":{"line":13,"column":15}},"loc":{"start":{"line":13,"column":29},"end":{"line":13,"column":70}},"line":13},"1":{"name":"(anonymous_1)","decl":{"start":{"line":13,"column":41},"end":{"line":13,"column":42}},"loc":{"start":{"line":13,"column":50},"end":{"line":13,"column":69}},"line":13},"2":{"name":"(anonymous_2)","decl":{"start":{"line":14,"column":26},"end":{"line":14,"column":27}},"loc":{"start":{"line":14,"column":52},"end":{"line":14,"column":65}},"line":14},"3":{"name":"downloadData","decl":{"start":{"line":16,"column":10},"end":{"line":16,"column":22}},"loc":{"start":{"line":16,"column":25},"end":{"line":22,"column":1}},"line":16},"4":{"name":"activateBonus","decl":{"start":{"line":23,"column":10},"end":{"line":23,"column":23}},"loc":{"start":{"line":23,"column":47},"end":{"line":37,"column":1}},"line":23},"5":{"name":"(anonymous_5)","decl":{"start":{"line":27,"column":27},"end":{"line":27,"column":28}},"loc":{"start":{"line":27,"column":43},"end":{"line":32,"column":3}},"line":27},"6":{"name":"filterBonus","decl":{"start":{"line":38,"column":10},"end":{"line":38,"column":21}},"loc":{"start":{"line":38,"column":43},"end":{"line":67,"column":1}},"line":38},"7":{"name":"(anonymous_7)","decl":{"start":{"line":56,"column":42},"end":{"line":56,"column":43}},"loc":{"start":{"line":56,"column":58},"end":{"line":58,"column":44}},"line":56},"8":{"name":"watchActivateBonus","decl":{"start":{"line":68,"column":17},"end":{"line":68,"column":35}},"loc":{"start":{"line":68,"column":38},"end":{"line":70,"column":1}},"line":68},"9":{"name":"watchFilterBonus","decl":{"start":{"line":71,"column":17},"end":{"line":71,"column":33}},"loc":{"start":{"line":71,"column":36},"end":{"line":73,"column":1}},"line":71},"10":{"name":"rootSaga","decl":{"start":{"line":75,"column":25},"end":{"line":75,"column":33}},"loc":{"start":{"line":75,"column":36},"end":{"line":81,"column":1}},"line":75}},"branchMap":{"0":{"loc":{"start":{"line":28,"column":4},"end":{"line":30,"column":5}},"type":"if","locations":[{"start":{"line":28,"column":4},"end":{"line":30,"column":5}},{"start":{"line":28,"column":4},"end":{"line":30,"column":5}}],"line":28},"1":{"loc":{"start":{"line":56,"column":58},"end":{"line":58,"column":44}},"type":"binary-expr","locations":[{"start":{"line":56,"column":59},"end":{"line":56,"column":95}},{"start":{"line":57,"column":8},"end":{"line":57,"column":50}},{"start":{"line":58,"column":8},"end":{"line":58,"column":43}}],"line":56}},"s":{"0":2,"1":7,"2":7,"3":2,"4":1,"5":2,"6":2,"7":1,"8":1,"9":1,"10":20,"11":1,"12":19,"13":1,"14":4,"15":4,"16":4,"17":3,"18":60,"19":3,"20":3,"21":2,"22":2,"23":2},"f":{"0":7,"1":7,"2":1,"3":2,"4":1,"5":20,"6":4,"7":60,"8":2,"9":2,"10":2},"b":{"0":[1,19],"1":[60,39,39]},"_coverageSchema":"1a1c01bbd47fc00a2c39e90264f33305004495a9","hash":"47ea5ca27c7b6696331f44c9bb3fbd19a742cdd2"}
}
