TN:
SF:src/components/Footer/index.tsx
FN:4,(anonymous_0)
FNF:1
FNH:1
FNDA:1,(anonymous_0)
DA:4,1
DA:5,1
LF:2
LH:2
BRF:0
BRH:0
end_of_record
TN:
SF:src/components/Header/index.tsx
FN:6,(anonymous_0)
FN:7,(anonymous_1)
FNF:2
FNH:2
FNDA:2,(anonymous_0)
FNDA:4,(anonymous_1)
DA:6,1
DA:7,4
DA:8,2
LF:3
LH:3
BRF:0
BRH:0
end_of_record
TN:
SF:src/components/NavigateMenu/index.tsx
FN:7,(anonymous_0)
FNF:1
FNH:1
FNDA:1,(anonymous_0)
DA:7,1
DA:8,1
LF:2
LH:2
BRF:0
BRH:0
end_of_record
TN:
SF:src/components/PromocodeCard/index.tsx
FN:8,(anonymous_0)
FN:12,(anonymous_1)
FN:19,(anonymous_2)
FN:45,(anonymous_3)
FN:46,(anonymous_4)
FNF:5
FNH:3
FNDA:144,(anonymous_0)
FNDA:0,(anonymous_1)
FNDA:1,(anonymous_2)
FNDA:0,(anonymous_3)
FNDA:1,(anonymous_4)
DA:8,2
DA:11,144
DA:12,144
DA:13,0
DA:14,0
DA:15,0
DA:18,144
DA:19,144
DA:20,144
DA:45,0
DA:46,1
LF:11
LH:7
BRDA:13,0,0,0
BRDA:13,0,1,0
BRDA:23,1,0,144
BRDA:23,1,1,2
BRDA:24,2,0,144
BRDA:24,2,1,2
BRDA:34,3,0,144
BRDA:34,3,1,1
BRDA:39,4,0,144
BRDA:39,4,1,143
BRF:10
BRH:8
end_of_record
TN:
SF:src/components/Services/index.tsx
FN:8,(anonymous_0)
FN:10,(anonymous_1)
FN:11,(anonymous_2)
FN:13,(anonymous_3)
FN:14,(anonymous_4)
FN:28,(anonymous_5)
FN:36,(anonymous_6)
FN:37,(anonymous_7)
FN:46,(anonymous_8)
FNF:9
FNH:8
FNDA:11,(anonymous_0)
FNDA:39,(anonymous_1)
FNDA:39,(anonymous_2)
FNDA:4,(anonymous_3)
FNDA:4,(anonymous_4)
FNDA:3,(anonymous_5)
FNDA:0,(anonymous_6)
FNDA:1,(anonymous_7)
FNDA:142,(anonymous_8)
DA:8,1
DA:9,11
DA:10,39
DA:11,39
DA:12,11
DA:13,11
DA:14,11
DA:15,4
DA:16,4
DA:19,11
DA:28,3
DA:36,0
DA:37,1
DA:47,142
LF:14
LH:13
BRDA:45,0,0,11
BRDA:45,0,1,1
BRF:2
BRH:2
end_of_record
TN:
SF:src/helpers/mockData.ts
FNF:0
FNH:0
DA:3,2
LF:1
LH:1
BRF:0
BRH:0
end_of_record
TN:
SF:src/redux/actionTypes.ts
FNF:0
FNH:0
DA:1,3
DA:2,3
DA:3,3
DA:4,3
DA:5,3
LF:5
LH:5
BRF:0
BRH:0
end_of_record
TN:
SF:src/redux/reducers.ts
FN:25,(anonymous_0)
FNF:1
FNH:1
FNDA:59,(anonymous_0)
DA:8,2
DA:25,2
DA:27,59
DA:28,59
DA:30,22
DA:37,6
DA:44,18
DA:50,13
LF:8
LH:8
BRDA:25,0,0,8
BRDA:28,1,0,22
BRDA:28,1,1,6
BRDA:28,1,2,18
BRDA:28,1,3,13
BRF:5
BRH:5
end_of_record
TN:
SF:src/sagas/index.ts
FN:13,(anonymous_0)
FN:13,(anonymous_1)
FN:14,(anonymous_2)
FN:16,downloadData
FN:25,activateBonus
FN:31,(anonymous_5)
FN:42,filterBonus
FN:61,(anonymous_7)
FN:73,watchActivateBonus
FN:76,watchFilterBonus
FN:80,rootSaga
FNF:11
FNH:7
FNDA:0,(anonymous_0)
FNDA:0,(anonymous_1)
FNDA:4,(anonymous_2)
FNDA:0,downloadData
FNDA:4,activateBonus
FNDA:80,(anonymous_5)
FNDA:9,filterBonus
FNDA:180,(anonymous_7)
FNDA:4,watchActivateBonus
FNDA:4,watchFilterBonus
FNDA:0,rootSaga
DA:13,1
DA:14,4
DA:17,0
DA:18,0
DA:20,0
DA:26,4
DA:27,0
DA:29,4
DA:31,4
DA:32,80
DA:33,4
DA:35,76
DA:37,4
DA:43,9
DA:54,9
DA:58,9
DA:59,0
DA:61,180
DA:64,9
DA:68,9
DA:74,4
DA:77,4
DA:81,0
LF:23
LH:17
BRDA:17,0,0,0
BRDA:17,0,1,0
BRDA:26,1,0,0
BRDA:26,1,1,4
BRDA:32,2,0,4
BRDA:32,2,1,76
BRDA:58,3,0,0
BRDA:58,3,1,9
BRDA:61,4,0,180
BRDA:61,4,1,118
BRDA:61,4,2,118
BRF:11
BRH:7
end_of_record
