TN:
SF:src/components/Footer/index.tsx
FN:4,(anonymous_0)
FNF:1
FNH:1
FNDA:1,(anonymous_0)
DA:4,1
DA:5,1
LF:2
LH:2
BRF:0
BRH:0
end_of_record
TN:
SF:src/components/Header/index.tsx
FN:6,(anonymous_0)
FN:7,(anonymous_1)
FNF:2
FNH:2
FNDA:3,(anonymous_0)
FNDA:6,(anonymous_1)
DA:6,1
DA:7,6
DA:8,3
LF:3
LH:3
BRF:0
BRH:0
end_of_record
TN:
SF:src/components/NavigateMenu/index.tsx
FN:7,(anonymous_0)
FNF:1
FNH:1
FNDA:1,(anonymous_0)
DA:7,1
DA:8,1
LF:2
LH:2
BRF:0
BRH:0
end_of_record
TN:
SF:src/components/PromocodeCard/index.tsx
FN:8,(anonymous_0)
FN:12,(anonymous_1)
FN:19,(anonymous_2)
FN:45,(anonymous_3)
FN:46,(anonymous_4)
FNF:5
FNH:3
FNDA:110,(anonymous_0)
FNDA:0,(anonymous_1)
FNDA:1,(anonymous_2)
FNDA:0,(anonymous_3)
FNDA:1,(anonymous_4)
DA:8,2
DA:11,110
DA:12,110
DA:13,0
DA:14,0
DA:15,0
DA:18,110
DA:19,110
DA:20,110
DA:45,0
DA:46,1
LF:11
LH:7
BRDA:13,0,0,0
BRDA:13,0,1,0
BRDA:23,1,0,110
BRDA:23,1,1,7
BRDA:24,2,0,110
BRDA:24,2,1,7
BRDA:34,3,0,110
BRDA:34,3,1,1
BRDA:39,4,0,110
BRDA:39,4,1,109
BRF:10
BRH:8
end_of_record
TN:
SF:src/components/Services/index.tsx
FN:8,(anonymous_0)
FN:10,(anonymous_1)
FN:11,(anonymous_2)
FN:13,(anonymous_3)
FN:14,(anonymous_4)
FN:28,(anonymous_5)
FN:36,(anonymous_6)
FN:37,(anonymous_7)
FN:46,(anonymous_8)
FNF:9
FNH:8
FNDA:15,(anonymous_0)
FNDA:42,(anonymous_1)
FNDA:42,(anonymous_2)
FNDA:4,(anonymous_3)
FNDA:4,(anonymous_4)
FNDA:3,(anonymous_5)
FNDA:0,(anonymous_6)
FNDA:1,(anonymous_7)
FNDA:108,(anonymous_8)
DA:8,1
DA:9,15
DA:10,42
DA:11,42
DA:12,15
DA:13,15
DA:14,15
DA:15,4
DA:16,4
DA:19,15
DA:28,3
DA:36,0
DA:37,1
DA:47,108
LF:14
LH:13
BRDA:45,0,0,15
BRDA:45,0,1,6
BRF:2
BRH:2
end_of_record
TN:
SF:src/helpers/mockData.ts
FNF:0
FNH:0
DA:3,2
LF:1
LH:1
BRF:0
BRH:0
end_of_record
TN:
SF:src/redux/actionTypes.ts
FNF:0
FNH:0
DA:1,3
DA:2,3
DA:3,3
DA:4,3
DA:5,3
LF:5
LH:5
BRF:0
BRH:0
end_of_record
TN:
SF:src/redux/reducers.ts
FN:25,(anonymous_0)
FNF:1
FNH:1
FNDA:26,(anonymous_0)
DA:8,3
DA:25,3
DA:27,26
DA:28,26
DA:30,8
DA:37,2
DA:44,7
DA:50,9
LF:8
LH:8
BRDA:25,0,0,4
BRDA:28,1,0,8
BRDA:28,1,1,2
BRDA:28,1,2,7
BRDA:28,1,3,9
BRF:5
BRH:5
end_of_record
TN:
SF:src/sagas/index.ts
FN:13,(anonymous_0)
FN:13,(anonymous_1)
FN:14,(anonymous_2)
FN:16,downloadData
FN:23,activateBonus
FN:27,(anonymous_5)
FN:38,filterBonus
FN:56,(anonymous_7)
FN:68,watchActivateBonus
FN:71,watchFilterBonus
FN:75,rootSaga
FNF:11
FNH:11
FNDA:7,(anonymous_0)
FNDA:7,(anonymous_1)
FNDA:1,(anonymous_2)
FNDA:2,downloadData
FNDA:1,activateBonus
FNDA:20,(anonymous_5)
FNDA:4,filterBonus
FNDA:60,(anonymous_7)
FNDA:2,watchActivateBonus
FNDA:2,watchFilterBonus
FNDA:2,rootSaga
DA:13,7
DA:14,2
DA:17,2
DA:18,2
DA:24,1
DA:25,1
DA:27,1
DA:28,20
DA:29,1
DA:31,19
DA:33,1
DA:39,4
DA:50,4
DA:55,4
DA:56,60
DA:59,3
DA:63,3
DA:69,2
DA:72,2
DA:76,2
LF:20
LH:20
BRDA:28,0,0,1
BRDA:28,0,1,19
BRDA:56,1,0,60
BRDA:56,1,1,39
BRDA:56,1,2,39
BRF:5
BRH:5
end_of_record
